<?xml version="1.0" encoding="UTF-8"?>
<testng-results ignored="0" total="1" passed="1" failed="0" skipped="0">
  <reporter-output>
  </reporter-output>
  <suite started-at="2025-04-06T10:20:57 BDT" name="Default suite" finished-at="2025-04-06T10:21:42 BDT" duration-ms="44927">
    <groups>
    </groups>
    <test started-at="2025-04-06T10:20:57 BDT" name="Default test" finished-at="2025-04-06T10:21:42 BDT" duration-ms="44927">
      <class name="com.it.bd.TabWindowHandling">
        <test-method is-config="true" signature="startBrowser()[pri:0, instance:com.it.bd.TabWindowHandling@6f03482]" started-at="2025-04-06T10:20:54 BDT" name="startBrowser" finished-at="2025-04-06T10:20:57 BDT" duration-ms="2574" status="PASS">
          <reporter-output>
          </reporter-output>
        </test-method> <!-- startBrowser -->
        <test-method signature="TabTest()[pri:0, instance:com.it.bd.TabWindowHandling@6f03482]" started-at="2025-04-06T10:20:57 BDT" name="TabTest" finished-at="2025-04-06T10:21:42 BDT" duration-ms="44843" status="PASS">
          <reporter-output>
          </reporter-output>
        </test-method> <!-- TabTest -->
        <test-method is-config="true" signature="close()[pri:0, instance:com.it.bd.TabWindowHandling@6f03482]" started-at="2025-04-06T10:21:42 BDT" name="close" finished-at="2025-04-06T10:21:42 BDT" duration-ms="135" status="PASS">
          <reporter-output>
          </reporter-output>
        </test-method> <!-- close -->
      </class> <!-- com.it.bd.TabWindowHandling -->
    </test> <!-- Default test -->
  </suite> <!-- Default suite -->
</testng-results>
